2018-06-21 19:37:00 -Starting demoApplication on SC-201704251154 with PID 11108 (C:\Users\Administrator\git\maven_demo\target\classes started by Administrator in C:\Users\Administrator\git\maven_demo)
2018-06-21 19:37:00 -Running with Spring Boot v2.0.0.RELEASE, Spring v5.0.4.RELEASE
2018-06-21 19:37:00 -No active profile set, falling back to default profiles: default
2018-06-21 19:37:01 -Refreshing org.springframework.boot.web.servlet.context.AnnotationConfigServletWebServerApplicationContext@2f8dad04: startup date [Thu Jun 21 19:37:01 CST 2018]; root of context hierarchy
2018-06-21 19:37:01 -Multiple Spring Data modules found, entering strict repository configuration mode!
2018-06-21 19:37:02 -Bean 'org.springframework.transaction.annotation.ProxyTransactionManagementConfiguration' of type [org.springframework.transaction.annotation.ProxyTransactionManagementConfiguration$$EnhancerBySpringCGLIB$$447d062e] is not eligible for getting processed by all BeanPostProcessors (for example: not eligible for auto-proxying)
2018-06-21 19:37:02 -Tomcat initialized with port(s): 80 (http)
2018-06-21 19:37:02 -Initializing ProtocolHandler ["http-nio-80"]
2018-06-21 19:37:02 -Starting service [Tomcat]
2018-06-21 19:37:02 -Starting Servlet Engine: Apache Tomcat/8.5.28
2018-06-21 19:37:02 -The APR based Apache Tomcat Native library which allows optimal performance in production environments was not found on the java.library.path: [C:\Program Files\Java\jdk1.8.0_31\bin;C:\Windows\Sun\Java\bin;C:\Windows\system32;C:\Windows;C:/Program Files/Java/jdk1.8.0_31/bin/../jre/bin/server;C:/Program Files/Java/jdk1.8.0_31/bin/../jre/bin;C:/Program Files/Java/jdk1.8.0_31/bin/../jre/lib/amd64;D:\MySQL\MySQL Server 5.7\bin;C:\Program Files\Java\jdk1.8.0_31\bin;C:\Program Files\Java\jdk1.8.0_31\jre\bin;C:\Windows\system32;C:\Windows;C:\Windows\system32\wbem;C:\Program Files\TortoiseSVN\bin;E:\apache-maven-3.5.0-bin\maven\bin;C:\Program Files\Git\cmd;D:\spring-tool-suite-3.9.2.RELEASE-e4.7.2-win32-x86_64\sts-bundle\sts-3.9.2.RELEASE;;.]
2018-06-21 19:37:03 -Initializing Spring embedded WebApplicationContext
2018-06-21 19:37:03 -Root WebApplicationContext: initialization completed in 2031 ms
2018-06-21 19:37:03 -Servlet dispatcherServlet mapped to [/]
2018-06-21 19:37:03 -Servlet statViewServlet mapped to [/druid/*]
2018-06-21 19:37:03 -Mapping filter: 'characterEncodingFilter' to: [/*]
2018-06-21 19:37:03 -Mapping filter: 'hiddenHttpMethodFilter' to: [/*]
2018-06-21 19:37:03 -Mapping filter: 'httpPutFormContentFilter' to: [/*]
2018-06-21 19:37:03 -Mapping filter: 'requestContextFilter' to: [/*]
2018-06-21 19:37:03 -Mapping filter: 'webStatFilter' to urls: [/*]
2018-06-21 19:37:03 -Exception encountered during context initialization - cancelling refresh attempt: org.springframework.beans.factory.UnsatisfiedDependencyException: Error creating bean with name 'logAspect': Unsatisfied dependency expressed through field 'logService'; nested exception is org.springframework.beans.factory.NoSuchBeanDefinitionException: No qualifying bean of type 'com.springboot.common.service.LogService' available: expected at least 1 bean which qualifies as autowire candidate. Dependency annotations: {@org.springframework.beans.factory.annotation.Autowired(required=true)}
2018-06-21 19:37:03 -Stopping service [Tomcat]
2018-06-21 19:39:52 -Starting demoApplication on SC-201704251154 with PID 10712 (C:\Users\Administrator\git\maven_demo\target\classes started by Administrator in C:\Users\Administrator\git\maven_demo)
2018-06-21 19:39:52 -Running with Spring Boot v2.0.0.RELEASE, Spring v5.0.4.RELEASE
2018-06-21 19:39:52 -No active profile set, falling back to default profiles: default
2018-06-21 19:39:52 -Refreshing org.springframework.boot.web.servlet.context.AnnotationConfigServletWebServerApplicationContext@2f8dad04: startup date [Thu Jun 21 19:39:52 CST 2018]; root of context hierarchy
2018-06-21 19:39:53 -Multiple Spring Data modules found, entering strict repository configuration mode!
2018-06-21 19:39:54 -Bean 'org.springframework.transaction.annotation.ProxyTransactionManagementConfiguration' of type [org.springframework.transaction.annotation.ProxyTransactionManagementConfiguration$$EnhancerBySpringCGLIB$$1a5cccfe] is not eligible for getting processed by all BeanPostProcessors (for example: not eligible for auto-proxying)
2018-06-21 19:39:54 -Tomcat initialized with port(s): 80 (http)
2018-06-21 19:39:54 -Initializing ProtocolHandler ["http-nio-80"]
2018-06-21 19:39:54 -Starting service [Tomcat]
2018-06-21 19:39:54 -Starting Servlet Engine: Apache Tomcat/8.5.28
2018-06-21 19:39:54 -The APR based Apache Tomcat Native library which allows optimal performance in production environments was not found on the java.library.path: [C:\Program Files\Java\jdk1.8.0_31\bin;C:\Windows\Sun\Java\bin;C:\Windows\system32;C:\Windows;C:/Program Files/Java/jdk1.8.0_31/bin/../jre/bin/server;C:/Program Files/Java/jdk1.8.0_31/bin/../jre/bin;C:/Program Files/Java/jdk1.8.0_31/bin/../jre/lib/amd64;D:\MySQL\MySQL Server 5.7\bin;C:\Program Files\Java\jdk1.8.0_31\bin;C:\Program Files\Java\jdk1.8.0_31\jre\bin;C:\Windows\system32;C:\Windows;C:\Windows\system32\wbem;C:\Program Files\TortoiseSVN\bin;E:\apache-maven-3.5.0-bin\maven\bin;C:\Program Files\Git\cmd;D:\spring-tool-suite-3.9.2.RELEASE-e4.7.2-win32-x86_64\sts-bundle\sts-3.9.2.RELEASE;;.]
2018-06-21 19:39:54 -Initializing Spring embedded WebApplicationContext
2018-06-21 19:39:54 -Root WebApplicationContext: initialization completed in 2067 ms
2018-06-21 19:39:54 -Servlet dispatcherServlet mapped to [/]
2018-06-21 19:39:54 -Servlet statViewServlet mapped to [/druid/*]
2018-06-21 19:39:54 -Mapping filter: 'characterEncodingFilter' to: [/*]
2018-06-21 19:39:54 -Mapping filter: 'hiddenHttpMethodFilter' to: [/*]
2018-06-21 19:39:54 -Mapping filter: 'httpPutFormContentFilter' to: [/*]
2018-06-21 19:39:54 -Mapping filter: 'requestContextFilter' to: [/*]
2018-06-21 19:39:54 -Mapping filter: 'webStatFilter' to urls: [/*]
2018-06-21 19:39:56 -Looking for @ControllerAdvice: org.springframework.boot.web.servlet.context.AnnotationConfigServletWebServerApplicationContext@2f8dad04: startup date [Thu Jun 21 19:39:52 CST 2018]; root of context hierarchy
2018-06-21 19:39:57 -Mapped "{[/tasks/test1]}" onto public java.lang.String com.springboot.job.task.DoTask.test1() throws java.lang.Exception
2018-06-21 19:39:57 -Mapped "{[/index],methods=[GET]}" onto java.lang.String com.springboot.system.controller.LoginController.index(org.springframework.ui.Model)
2018-06-21 19:39:57 -Mapped "{[/main],methods=[GET]}" onto java.lang.String com.springboot.system.controller.LoginController.main()
2018-06-21 19:39:57 -Mapped "{[/ || ],methods=[GET]}" onto java.lang.String com.springboot.system.controller.LoginController.welcome(org.springframework.ui.Model)
2018-06-21 19:39:57 -Mapped "{[/login],methods=[GET]}" onto java.lang.String com.springboot.system.controller.LoginController.login()
2018-06-21 19:39:57 -Mapped "{[/login],methods=[POST]}" onto com.springboot.common.util.R com.springboot.system.controller.LoginController.ajaxLogin(java.lang.String,java.lang.String)
2018-06-21 19:39:57 -Mapped "{[/logout],methods=[GET]}" onto java.lang.String com.springboot.system.controller.LoginController.logout()
2018-06-21 19:39:57 -Mapped "{[/sys/user/exit],methods=[POST]}" onto boolean com.springboot.system.controller.UserController.exit(java.util.Map<java.lang.String, java.lang.Object>)
2018-06-21 19:39:57 -Mapped "{[/sys/user/add],methods=[GET]}" onto java.lang.String com.springboot.system.controller.UserController.add(org.springframework.ui.Model)
2018-06-21 19:39:57 -Mapped "{[/sys/user/remove],methods=[POST]}" onto com.springboot.common.util.R com.springboot.system.controller.UserController.remove(java.lang.Long)
2018-06-21 19:39:57 -Mapped "{[/sys/user/update],methods=[POST]}" onto com.springboot.common.util.R com.springboot.system.controller.UserController.update(com.springboot.system.pojo.UserDO)
2018-06-21 19:39:57 -Mapped "{[/sys/user/list],methods=[GET]}" onto com.springboot.common.util.PageUtils com.springboot.system.controller.UserController.list(java.util.Map<java.lang.String, java.lang.Object>)
2018-06-21 19:39:57 -Mapped "{[/sys/user/save],methods=[POST]}" onto com.springboot.common.util.R com.springboot.system.controller.UserController.save(com.springboot.system.pojo.UserDO)
2018-06-21 19:39:57 -Mapped "{[/sys/user/batchRemove],methods=[POST]}" onto com.springboot.common.util.R com.springboot.system.controller.UserController.batchRemove(java.lang.Long[])
2018-06-21 19:39:57 -Mapped "{[/sys/user/tree],methods=[GET]}" onto public com.springboot.common.pojo.Tree<com.springboot.system.pojo.DeptDO> com.springboot.system.controller.UserController.tree()
2018-06-21 19:39:57 -Mapped "{[/sys/user],methods=[GET]}" onto java.lang.String com.springboot.system.controller.UserController.user(org.springframework.ui.Model)
2018-06-21 19:39:57 -Mapped "{[/sys/user/edit/{id}],methods=[GET]}" onto java.lang.String com.springboot.system.controller.UserController.edit(org.springframework.ui.Model,java.lang.Long)
2018-06-21 19:39:57 -Mapped "{[/sys/user/updatePeronal],methods=[POST]}" onto com.springboot.common.util.R com.springboot.system.controller.UserController.updatePeronal(com.springboot.system.pojo.UserDO)
2018-06-21 19:39:57 -Mapped "{[/sys/user/resetPwd/{id}],methods=[GET]}" onto java.lang.String com.springboot.system.controller.UserController.resetPwd(java.lang.Long,org.springframework.ui.Model)
2018-06-21 19:39:57 -Mapped "{[/sys/user/resetPwd],methods=[POST]}" onto com.springboot.common.util.R com.springboot.system.controller.UserController.resetPwd(com.springboot.system.vo.UserVO)
2018-06-21 19:39:57 -Mapped "{[/sys/user/adminResetPwd],methods=[POST]}" onto com.springboot.common.util.R com.springboot.system.controller.UserController.adminResetPwd(com.springboot.system.vo.UserVO)
2018-06-21 19:39:57 -Mapped "{[/sys/user/treeView],methods=[GET]}" onto java.lang.String com.springboot.system.controller.UserController.treeView()
2018-06-21 19:39:57 -Mapped "{[/sys/user/uploadImg],methods=[POST]}" onto com.springboot.common.util.R com.springboot.system.controller.UserController.uploadImg(org.springframework.web.multipart.MultipartFile,java.lang.String,javax.servlet.http.HttpServletRequest)
2018-06-21 19:39:57 -Mapped "{[/error]}" onto public org.springframework.http.ResponseEntity<java.util.Map<java.lang.String, java.lang.Object>> org.springframework.boot.autoconfigure.web.servlet.error.BasicErrorController.error(javax.servlet.http.HttpServletRequest)
2018-06-21 19:39:57 -Mapped "{[/error],produces=[text/html]}" onto public org.springframework.web.servlet.ModelAndView org.springframework.boot.autoconfigure.web.servlet.error.BasicErrorController.errorHtml(javax.servlet.http.HttpServletRequest,javax.servlet.http.HttpServletResponse)
2018-06-21 19:39:57 -Mapped URL path [/webjars/**] onto handler of type [class org.springframework.web.servlet.resource.ResourceHttpRequestHandler]
2018-06-21 19:39:57 -Mapped URL path [/**] onto handler of type [class org.springframework.web.servlet.resource.ResourceHttpRequestHandler]
2018-06-21 19:39:57 -Detected @ExceptionHandler methods in IMoocExceptionHandler
2018-06-21 19:39:57 -Mapped URL path [/**/favicon.ico] onto handler of type [class org.springframework.web.servlet.resource.ResourceHttpRequestHandler]
2018-06-21 19:39:57 -{dataSource-1} inited
2018-06-21 19:39:58 -Using default implementation for ThreadExecutor
2018-06-21 19:39:58 -Initialized Scheduler Signaller of type: class org.quartz.core.SchedulerSignalerImpl
2018-06-21 19:39:58 -Quartz Scheduler v.2.3.0 created.
2018-06-21 19:39:58 -RAMJobStore initialized.
2018-06-21 19:39:58 -Scheduler meta-data: Quartz Scheduler (v2.3.0) 'quartzScheduler' with instanceId 'NON_CLUSTERED'
  Scheduler class: 'org.quartz.core.QuartzScheduler' - running locally.
  NOT STARTED.
  Currently in standby mode.
  Number of jobs executed: 0
  Using thread pool 'org.quartz.simpl.SimpleThreadPool' - with 10 threads.
  Using job-store 'org.quartz.simpl.RAMJobStore' - which does not support persistence. and is not clustered.

2018-06-21 19:39:58 -Quartz scheduler 'quartzScheduler' initialized from an externally provided properties instance.
2018-06-21 19:39:58 -Quartz scheduler version: 2.3.0
2018-06-21 19:39:58 -JobFactory set to: org.springframework.boot.autoconfigure.quartz.AutowireCapableBeanJobFactory@110b7837
2018-06-21 19:39:58 -Registering beans for JMX exposure on startup
2018-06-21 19:39:58 -Bean with name 'dataSource' has been autodetected for JMX exposure
2018-06-21 19:39:58 -Located MBean 'dataSource': registering with JMX server as MBean [com.alibaba.druid.pool:name=dataSource,type=DruidDataSource]
2018-06-21 19:39:58 -Starting beans in phase 2147483647
2018-06-21 19:39:58 -Starting Quartz Scheduler now
2018-06-21 19:39:58 -Scheduler quartzScheduler_$_NON_CLUSTERED started.
2018-06-21 19:39:58 -Starting ProtocolHandler ["http-nio-80"]
2018-06-21 19:39:58 -Using a shared selector for servlet write/read
2018-06-21 19:39:58 -Tomcat started on port(s): 80 (http) with context path ''
2018-06-21 19:39:58 -Started demoApplication in 6.445 seconds (JVM running for 6.966)
2018-06-21 19:40:32 -A cookie header was received [1525229165,1525325958,1526007085; JSESSIONID=5dfa6781-66c5-4c32-b4fc-e457484486ab] that contained an invalid cookie. That cookie will be ignored.Note: further occurrences of this error will be logged at DEBUG level.
2018-06-21 19:40:32 -Initializing Spring FrameworkServlet 'dispatcherServlet'
2018-06-21 19:40:32 -FrameworkServlet 'dispatcherServlet': initialization started
2018-06-21 19:40:32 -FrameworkServlet 'dispatcherServlet': initialization completed in 30 ms
2018-06-21 19:40:32 -请求地址 : http://localhost/
2018-06-21 19:40:32 -HTTP METHOD : GET
2018-06-21 19:40:32 -CLASS_METHOD : com.springboot.system.controller.LoginController.welcome
2018-06-21 19:40:32 -参数 : [{}]
2018-06-21 19:40:32 -耗时 : 12
2018-06-21 19:40:32 -返回值 : redirect:/login
2018-06-21 19:40:33 -请求地址 : http://localhost/login
2018-06-21 19:40:33 -HTTP METHOD : GET
2018-06-21 19:40:33 -CLASS_METHOD : com.springboot.system.controller.LoginController.login
2018-06-21 19:40:33 -参数 : []
2018-06-21 19:40:33 -耗时 : 0
2018-06-21 19:40:33 -返回值 : login
2018-06-21 19:40:48 -Application shutdown requested.
2018-06-21 19:40:48 -Closing org.springframework.boot.web.servlet.context.AnnotationConfigServletWebServerApplicationContext@2f8dad04: startup date [Thu Jun 21 19:39:52 CST 2018]; root of context hierarchy
2018-06-21 19:40:48 -Scheduler quartzScheduler_$_NON_CLUSTERED paused.
2018-06-21 19:40:48 -Scheduler quartzScheduler_$_NON_CLUSTERED shutting down.
2018-06-21 19:40:48 -Scheduler quartzScheduler_$_NON_CLUSTERED paused.
2018-06-21 19:40:48 -Scheduler quartzScheduler_$_NON_CLUSTERED shutdown complete.
2018-06-21 19:40:48 -{dataSource-1} closed
